# JRE version: Java(TM) SE Runtime Environment (8.0_131-b11) (build 1.8.0_131-b11)
# Java VM: Java HotSpot(TM) 64-Bit Server VM (25.131-b11 mixed mode windows-amd64 compressed oops)
Heap:
 PSYoungGen      total 218624K, used 74072K [0x00000000eab00000, 0x00000000fb500000, 0x0000000100000000)
  eden space 209920K, 31% used [0x00000000eab00000,0x00000000eeb388e8,0x00000000f7800000)
  from space 8704K, 95% used [0x00000000fac80000,0x00000000fb49d7f8,0x00000000fb500000)
  to   space 29184K, 0% used [0x00000000f7c00000,0x00000000f7c00000,0x00000000f9880000)
 ParOldGen       total 142336K, used 97021K [0x00000000c0000000, 0x00000000c8b00000, 0x00000000eab00000)
  object space 142336K, 68% used [0x00000000c0000000,0x00000000c5ebf428,0x00000000c8b00000)
 Metaspace       used 78137K, capacity 81768K, committed 81816K, reserved 1120256K
  class space    used 10316K, capacity 11160K, committed 11168K, reserved 1048576K
GC Heap History (10 events):
Event: 71.440 GC heap before
{Heap before GC invocations=19 (full 3):
 PSYoungGen      total 186880K, used 186853K [0x00000000eab00000, 0x00000000fa000000, 0x0000000100000000)
  eden space 168448K, 100% used [0x00000000eab00000,0x00000000f4f80000,0x00000000f4f80000)
  from space 18432K, 99% used [0x00000000f4f80000,0x00000000f6179700,0x00000000f6180000)
  to   space 24576K, 0% used [0x00000000f8800000,0x00000000f8800000,0x00000000fa000000)
 ParOldGen       total 142336K, used 53662K [0x00000000c0000000, 0x00000000c8b00000, 0x00000000eab00000)
  object space 142336K, 37% used [0x00000000c0000000,0x00000000c3467a90,0x00000000c8b00000)
 Metaspace       used 72264K, capacity 75016K, committed 75288K, reserved 1114112K
  class space    used 9723K, capacity 10418K, committed 10528K, reserved 1048576K
Event: 71.480 GC heap after
Heap after GC invocations=19 (full 3):
 PSYoungGen      total 223744K, used 21734K [0x00000000eab00000, 0x00000000fa380000, 0x0000000100000000)
  eden space 199168K, 0% used [0x00000000eab00000,0x00000000eab00000,0x00000000f6d80000)
  from space 24576K, 88% used [0x00000000f8800000,0x00000000f9d39960,0x00000000fa000000)
  to   space 27136K, 0% used [0x00000000f6d80000,0x00000000f6d80000,0x00000000f8800000)
 ParOldGen       total 142336K, used 71195K [0x00000000c0000000, 0x00000000c8b00000, 0x00000000eab00000)
  object space 142336K, 50% used [0x00000000c0000000,0x00000000c4586fb8,0x00000000c8b00000)
 Metaspace       used 72264K, capacity 75016K, committed 75288K, reserved 1114112K
  class space    used 9723K, capacity 10418K, committed 10528K, reserved 1048576K
}
Event: 82.402 GC heap before
{Heap before GC invocations=20 (full 3):
 PSYoungGen      total 223744K, used 220881K [0x00000000eab00000, 0x00000000fa380000, 0x0000000100000000)
  eden space 199168K, 99% used [0x00000000eab00000,0x00000000f6d7add8,0x00000000f6d80000)
  from space 24576K, 88% used [0x00000000f8800000,0x00000000f9d39960,0x00000000fa000000)
  to   space 27136K, 0% used [0x00000000f6d80000,0x00000000f6d80000,0x00000000f8800000)
 ParOldGen       total 142336K, used 71195K [0x00000000c0000000, 0x00000000c8b00000, 0x00000000eab00000)
  object space 142336K, 50% used [0x00000000c0000000,0x00000000c4586fb8,0x00000000c8b00000)
 Metaspace       used 75966K, capacity 78922K, committed 79256K, reserved 1118208K
  class space    used 10086K, capacity 10809K, committed 10912K, reserved 1048576K
Event: 82.440 GC heap after
Heap after GC invocations=20 (full 3):
 PSYoungGen      total 226304K, used 27135K [0x00000000eab00000, 0x00000000fc080000, 0x0000000100000000)
  eden space 199168K, 0% used [0x00000000eab00000,0x00000000eab00000,0x00000000f6d80000)
  from space 27136K, 99% used [0x00000000f6d80000,0x00000000f87fff78,0x00000000f8800000)
  to   space 31744K, 0% used [0x00000000fa180000,0x00000000fa180000,0x00000000fc080000)
 ParOldGen       total 142336K, used 72732K [0x00000000c0000000, 0x00000000c8b00000, 0x00000000eab00000)
  object space 142336K, 51% used [0x00000000c0000000,0x00000000c47073f8,0x00000000c8b00000)
 Metaspace       used 75966K, capacity 78922K, committed 79256K, reserved 1118208K
  class space    used 10086K, capacity 10809K, committed 10912K, reserved 1048576K
}
Event: 142.220 GC heap before
{Heap before GC invocations=21 (full 3):
 PSYoungGen      total 226304K, used 226303K [0x00000000eab00000, 0x00000000fc080000, 0x0000000100000000)
  eden space 199168K, 100% used [0x00000000eab00000,0x00000000f6d80000,0x00000000f6d80000)
  from space 27136K, 99% used [0x00000000f6d80000,0x00000000f87fff78,0x00000000f8800000)
  to   space 31744K, 0% used [0x00000000fa180000,0x00000000fa180000,0x00000000fc080000)
 ParOldGen       total 142336K, used 72732K [0x00000000c0000000, 0x00000000c8b00000, 0x00000000eab00000)
  object space 142336K, 51% used [0x00000000c0000000,0x00000000c47073f8,0x00000000c8b00000)
 Metaspace       used 77183K, capacity 80264K, committed 80408K, reserved 1118208K
  class space    used 10235K, capacity 11018K, committed 11040K, reserved 1048576K
Event: 142.261 GC heap after
Heap after GC invocations=21 (full 3):
 PSYoungGen      total 244224K, used 7501K [0x00000000eab00000, 0x00000000fbc00000, 0x0000000100000000)
  eden space 217088K, 0% used [0x00000000eab00000,0x00000000eab00000,0x00000000f7f00000)
  from space 27136K, 27% used [0x00000000fa180000,0x00000000fa8d3468,0x00000000fbc00000)
  to   space 31232K, 0% used [0x00000000f7f00000,0x00000000f7f00000,0x00000000f9d80000)
 ParOldGen       total 142336K, used 97005K [0x00000000c0000000, 0x00000000c8b00000, 0x00000000eab00000)
  object space 142336K, 68% used [0x00000000c0000000,0x00000000c5ebb428,0x00000000c8b00000)
 Metaspace       used 77183K, capacity 80264K, committed 80408K, reserved 1118208K
  class space    used 10235K, capacity 11018K, committed 11040K, reserved 1048576K
}
Event: 147.297 GC heap before
{Heap before GC invocations=22 (full 3):
 PSYoungGen      total 244224K, used 224422K [0x00000000eab00000, 0x00000000fbc00000, 0x0000000100000000)
  eden space 217088K, 99% used [0x00000000eab00000,0x00000000f7ed6668,0x00000000f7f00000)
  from space 27136K, 27% used [0x00000000fa180000,0x00000000fa8d3468,0x00000000fbc00000)
  to   space 31232K, 0% used [0x00000000f7f00000,0x00000000f7f00000,0x00000000f9d80000)
 ParOldGen       total 142336K, used 97005K [0x00000000c0000000, 0x00000000c8b00000, 0x00000000eab00000)
  object space 142336K, 68% used [0x00000000c0000000,0x00000000c5ebb428,0x00000000c8b00000)
 Metaspace       used 77479K, capacity 80826K, committed 81048K, reserved 1120256K
  class space    used 10252K, capacity 11047K, committed 11168K, reserved 1048576K
Event: 147.313 GC heap after
Heap after GC invocations=22 (full 3):
 PSYoungGen      total 248320K, used 10658K [0x00000000eab00000, 0x00000000fc980000, 0x0000000100000000)
  eden space 217088K, 0% used [0x00000000eab00000,0x00000000eab00000,0x00000000f7f00000)
  from space 31232K, 34% used [0x00000000f7f00000,0x00000000f8968b18,0x00000000f9d80000)
  to   space 29696K, 0% used [0x00000000fac80000,0x00000000fac80000,0x00000000fc980000)
 ParOldGen       total 142336K, used 97013K [0x00000000c0000000, 0x00000000c8b00000, 0x00000000eab00000)
  object space 142336K, 68% used [0x00000000c0000000,0x00000000c5ebd428,0x00000000c8b00000)
 Metaspace       used 77479K, capacity 80826K, committed 81048K, reserved 1120256K
  class space    used 10252K, capacity 11047K, committed 11168K, reserved 1048576K
}
Event: 1108.156 GC heap before
{Heap before GC invocations=23 (full 3):
 PSYoungGen      total 248320K, used 227746K [0x00000000eab00000, 0x00000000fc980000, 0x0000000100000000)
  eden space 217088K, 100% used [0x00000000eab00000,0x00000000f7f00000,0x00000000f7f00000)
  from space 31232K, 34% used [0x00000000f7f00000,0x00000000f8968b18,0x00000000f9d80000)
  to   space 29696K, 0% used [0x00000000fac80000,0x00000000fac80000,0x00000000fc980000)
 ParOldGen       total 142336K, used 97013K [0x00000000c0000000, 0x00000000c8b00000, 0x00000000eab00000)
  object space 142336K, 68% used [0x00000000c0000000,0x00000000c5ebd428,0x00000000c8b00000)
 Metaspace       used 78041K, capacity 81626K, committed 81816K, reserved 1120256K
  class space    used 10309K, capacity 11147K, committed 11168K, reserved 1048576K
Event: 1108.170 GC heap after
Heap after GC invocations=23 (full 3):
 PSYoungGen      total 218624K, used 8309K [0x00000000eab00000, 0x00000000fb500000, 0x0000000100000000)
  eden space 209920K, 0% used [0x00000000eab00000,0x00000000eab00000,0x00000000f7800000)
  from space 8704K, 95% used [0x00000000fac80000,0x00000000fb49d7f8,0x00000000fb500000)
  to   space 29184K, 0% used [0x00000000f7c00000,0x00000000f7c00000,0x00000000f9880000)
 ParOldGen       total 142336K, used 97021K [0x00000000c0000000, 0x00000000c8b00000, 0x00000000eab00000)
  object space 142336K, 68% used [0x00000000c0000000,0x00000000c5ebf428,0x00000000c8b00000)
 Metaspace       used 78041K, capacity 81626K, committed 81816K, reserved 1120256K
  class space    used 10309K, capacity 11147K, committed 11168K, reserved 1048576K
}

